<?xml version="1.0" encoding="UTF-8"?>
<!-- Generated by org.testng.reporters.JUnitXMLReporter -->
<testsuite hostname="DESKTOP-SJNPATC" failures="0" tests="2" name="Device-1" time="0.082" errors="0" timestamp="19 Oct 2020 21:17:08 GMT">
  <testcase classname="com.sri.mobileTest.TestScript" name="@BeforeTest setup" time="0.0">
    <failure type="java.lang.NoSuchMethodError" message="&amp;apos;org.openqa.selenium.remote.http.HttpClient$Factory org.openqa.selenium.remote.http.HttpClient$Factory.createDefault()&amp;apos;">
      <![CDATA[java.lang.NoSuchMethodError: 'org.openqa.selenium.remote.http.HttpClient$Factory org.openqa.selenium.remote.http.HttpClient$Factory.createDefault()'
	at io.appium.java_client.remote.AppiumCommandExecutor.<init>(AppiumCommandExecutor.java:93)
	at io.appium.java_client.AppiumDriver.<init>(AppiumDriver.java:93)
	at io.appium.java_client.android.AndroidDriver.<init>(AndroidDriver.java:95)
	at mobileBase.BaseClass.setup(BaseClass.java:29)
... Removed 23 stack frames]]>
    </failure>
  </testcase> <!-- @BeforeTest setup -->
  <testcase classname="com.sri.mobileTest.TestScript" name="@AfterTest tearDown" time="0.0">
    <skipped/>
  </testcase> <!-- @AfterTest tearDown -->
  <testcase classname="com.sri.mobileTest.TestScript" name="setup" time="0.001">
    <skipped/>
  </testcase> <!-- setup -->
  <testcase classname="com.sri.mobileTest.TestScript" name="setup" time="0.001">
    <skipped/>
  </testcase> <!-- setup -->
</testsuite> <!-- Device-1 -->
